2017-05-10 12:08:40,057 [Worker-28] INFO  o.e.m.c.i.e.AbstractTransferListenerAdapter - Downloading https://repo.maven.apache.org/maven2/org/apache/maven/plugins/maven-jar-plugin/2.4/maven-jar-plugin-2.4.jar
2017-05-10 12:08:41,281 [Worker-28] INFO  o.e.m.c.i.e.AbstractTransferListenerAdapter - Downloaded https://repo.maven.apache.org/maven2/org/apache/maven/plugins/maven-jar-plugin/2.4/maven-jar-plugin-2.4.jar
2017-05-10 12:08:42,826 [Worker-28] INFO  o.e.m.c.i.l.LifecycleMappingFactory - Using org.eclipse.m2e.jdt.JarLifecycleMapping lifecycle mapping for MavenProject: JacksonExample:JacksonExample:0.0.1-SNAPSHOT @ C:\workspace\EjemploJackson\JacksonExample\pom.xml.
2017-05-10 12:08:43,319 [Worker-28] INFO  o.e.m.c.i.e.AbstractTransferListenerAdapter - Downloading https://repo.maven.apache.org/maven2/org/apache/maven/plugins/maven-jar-plugin/2.4/maven-jar-plugin-2.4.pom
2017-05-10 12:08:43,390 [Worker-28] INFO  o.e.m.c.i.e.AbstractTransferListenerAdapter - Downloaded https://repo.maven.apache.org/maven2/org/apache/maven/plugins/maven-jar-plugin/2.4/maven-jar-plugin-2.4.pom
2017-05-10 12:08:43,922 [Worker-28] INFO  o.e.m.c.i.e.AbstractTransferListenerAdapter - Downloading https://repo.maven.apache.org/maven2/commons-lang/commons-lang/2.1/commons-lang-2.1.pom
2017-05-10 12:08:44,160 [Worker-28] INFO  o.e.m.c.i.e.AbstractTransferListenerAdapter - Downloaded https://repo.maven.apache.org/maven2/commons-lang/commons-lang/2.1/commons-lang-2.1.pom
2017-05-10 12:08:44,385 [Worker-28] INFO  o.e.m.c.i.e.AbstractTransferListenerAdapter - Downloading https://repo.maven.apache.org/maven2/classworlds/classworlds/1.1-alpha-2/classworlds-1.1-alpha-2.jar
2017-05-10 12:08:44,622 [Worker-28] INFO  o.e.m.c.i.e.AbstractTransferListenerAdapter - Downloaded https://repo.maven.apache.org/maven2/classworlds/classworlds/1.1-alpha-2/classworlds-1.1-alpha-2.jar
2017-05-10 12:08:44,868 [Worker-28] INFO  o.e.m.c.i.e.AbstractTransferListenerAdapter - Downloading https://repo.maven.apache.org/maven2/commons-lang/commons-lang/2.1/commons-lang-2.1.jar
2017-05-10 12:08:52,604 [Worker-28] INFO  o.e.m.c.i.e.AbstractTransferListenerAdapter - Downloaded https://repo.maven.apache.org/maven2/commons-lang/commons-lang/2.1/commons-lang-2.1.jar
2017-05-10 12:08:53,579 [Worker-18] WARN  o.e.m.c.i.embedder.EclipseLogger - Using platform encoding (Cp1252 actually) to copy filtered resources, i.e. build is platform dependent!
2017-05-10 12:08:53,581 [Worker-18] INFO  o.e.m.c.i.embedder.EclipseLogger - skip non existing resourceDirectory C:\workspace\EjemploJackson\JacksonExample\src\main\resources
2017-05-10 12:08:53,583 [Worker-18] WARN  o.e.m.c.i.embedder.EclipseLogger - Using platform encoding (Cp1252 actually) to copy filtered resources, i.e. build is platform dependent!
2017-05-10 12:08:53,585 [Worker-18] INFO  o.e.m.c.i.embedder.EclipseLogger - skip non existing resourceDirectory C:\workspace\EjemploJackson\JacksonExample\src\test\resources
2017-05-10 12:08:53,616 [Worker-28] INFO  o.e.m.j.i.AbstractJavaProjectConfigurator - Adding source folder /JacksonExample/src
2017-05-10 12:08:53,617 [Worker-28] INFO  o.e.m.j.i.AbstractJavaProjectConfigurator - Not adding source folder /JacksonExample/src/test/java because it overlaps with /JacksonExample/src
2017-05-10 12:08:53,770 [Worker-28] INFO  o.e.m.c.i.p.ProjectConfigurationManager - Update started
2017-05-10 12:08:54,603 [Worker-28] INFO  o.e.m.c.i.l.LifecycleMappingFactory - Using org.eclipse.m2e.jdt.JarLifecycleMapping lifecycle mapping for MavenProject: JacksonExample:JacksonExample:0.0.1-SNAPSHOT @ C:\workspace\EjemploJackson\JacksonExample\pom.xml.
2017-05-10 12:08:55,096 [Worker-7] WARN  o.e.m.c.i.embedder.EclipseLogger - Using platform encoding (Cp1252 actually) to copy filtered resources, i.e. build is platform dependent!
2017-05-10 12:08:55,098 [Worker-7] INFO  o.e.m.c.i.embedder.EclipseLogger - skip non existing resourceDirectory C:\workspace\EjemploJackson\JacksonExample\src\main\resources
2017-05-10 12:08:55,101 [Worker-7] WARN  o.e.m.c.i.embedder.EclipseLogger - Using platform encoding (Cp1252 actually) to copy filtered resources, i.e. build is platform dependent!
2017-05-10 12:08:55,103 [Worker-7] INFO  o.e.m.c.i.embedder.EclipseLogger - skip non existing resourceDirectory C:\workspace\EjemploJackson\JacksonExample\src\test\resources
2017-05-10 12:08:55,637 [Worker-28] INFO  o.e.m.j.i.AbstractJavaProjectConfigurator - Adding source folder /JacksonExample/src
2017-05-10 12:08:55,638 [Worker-28] INFO  o.e.m.j.i.AbstractJavaProjectConfigurator - Not adding source folder /JacksonExample/src/test/java because it overlaps with /JacksonExample/src
2017-05-10 12:08:55,701 [Worker-28] INFO  o.e.m.c.i.p.ProjectConfigurationManager - Update completed: 1 sec
2017-05-10 12:08:56,703 [Worker-34] WARN  o.e.m.c.i.embedder.EclipseLogger - Using platform encoding (Cp1252 actually) to copy filtered resources, i.e. build is platform dependent!
2017-05-10 12:08:56,707 [Worker-34] INFO  o.e.m.c.i.embedder.EclipseLogger - skip non existing resourceDirectory C:\workspace\EjemploJackson\JacksonExample\src\main\resources
2017-05-10 12:08:56,709 [Worker-34] WARN  o.e.m.c.i.embedder.EclipseLogger - Using platform encoding (Cp1252 actually) to copy filtered resources, i.e. build is platform dependent!
2017-05-10 12:08:56,713 [Worker-34] INFO  o.e.m.c.i.embedder.EclipseLogger - skip non existing resourceDirectory C:\workspace\EjemploJackson\JacksonExample\src\test\resources
2017-05-10 12:09:03,251 [Worker-18] INFO  o.e.m.c.i.l.LifecycleMappingFactory - Using org.eclipse.m2e.jdt.JarLifecycleMapping lifecycle mapping for MavenProject: JacksonExample:JacksonExample:0.0.1-SNAPSHOT @ C:\workspace\EjemploJackson\JacksonExample\pom.xml.
2017-05-10 12:09:03,613 [Worker-18] WARN  o.e.m.c.i.embedder.EclipseLogger - Using platform encoding (Cp1252 actually) to copy filtered resources, i.e. build is platform dependent!
2017-05-10 12:09:03,614 [Worker-18] INFO  o.e.m.c.i.embedder.EclipseLogger - skip non existing resourceDirectory C:\workspace\EjemploJackson\JacksonExample\src\main\resources
2017-05-10 12:09:03,616 [Worker-18] WARN  o.e.m.c.i.embedder.EclipseLogger - Using platform encoding (Cp1252 actually) to copy filtered resources, i.e. build is platform dependent!
2017-05-10 12:09:03,618 [Worker-18] INFO  o.e.m.c.i.embedder.EclipseLogger - skip non existing resourceDirectory C:\workspace\EjemploJackson\JacksonExample\src\test\resources
2017-05-10 12:09:05,120 [Worker-26] WARN  o.e.m.c.i.embedder.EclipseLogger - Using platform encoding (Cp1252 actually) to copy filtered resources, i.e. build is platform dependent!
2017-05-10 12:09:05,122 [Worker-26] INFO  o.e.m.c.i.embedder.EclipseLogger - skip non existing resourceDirectory C:\workspace\EjemploJackson\JacksonExample\src\main\resources
2017-05-10 12:09:05,124 [Worker-26] WARN  o.e.m.c.i.embedder.EclipseLogger - Using platform encoding (Cp1252 actually) to copy filtered resources, i.e. build is platform dependent!
2017-05-10 12:09:05,126 [Worker-26] INFO  o.e.m.c.i.embedder.EclipseLogger - skip non existing resourceDirectory C:\workspace\EjemploJackson\JacksonExample\src\test\resources
2017-05-10 12:10:49,654 [Worker-3] WARN  o.e.m.c.i.embedder.EclipseLogger - Using platform encoding (Cp1252 actually) to copy filtered resources, i.e. build is platform dependent!
2017-05-10 12:10:49,657 [Worker-3] INFO  o.e.m.c.i.embedder.EclipseLogger - skip non existing resourceDirectory C:\workspace\EjemploJackson\JacksonExample\src\main\resources
2017-05-10 12:10:49,658 [Worker-3] WARN  o.e.m.c.i.embedder.EclipseLogger - Using platform encoding (Cp1252 actually) to copy filtered resources, i.e. build is platform dependent!
2017-05-10 12:10:49,663 [Worker-3] INFO  o.e.m.c.i.embedder.EclipseLogger - skip non existing resourceDirectory C:\workspace\EjemploJackson\JacksonExample\src\test\resources
2017-05-10 12:12:24,811 [Worker-3] WARN  o.e.m.c.i.embedder.EclipseLogger - Using platform encoding (Cp1252 actually) to copy filtered resources, i.e. build is platform dependent!
2017-05-10 12:12:24,813 [Worker-3] INFO  o.e.m.c.i.embedder.EclipseLogger - skip non existing resourceDirectory C:\workspace\EjemploJackson\JacksonExample\src\main\resources
2017-05-10 12:12:24,815 [Worker-3] WARN  o.e.m.c.i.embedder.EclipseLogger - Using platform encoding (Cp1252 actually) to copy filtered resources, i.e. build is platform dependent!
2017-05-10 12:12:24,817 [Worker-3] INFO  o.e.m.c.i.embedder.EclipseLogger - skip non existing resourceDirectory C:\workspace\EjemploJackson\JacksonExample\src\test\resources
2017-05-10 12:17:30,608 [Worker-38] WARN  o.e.m.c.i.embedder.EclipseLogger - Using platform encoding (Cp1252 actually) to copy filtered resources, i.e. build is platform dependent!
2017-05-10 12:17:30,612 [Worker-38] INFO  o.e.m.c.i.embedder.EclipseLogger - skip non existing resourceDirectory C:\workspace\EjemploJackson\JacksonExample\src\main\resources
2017-05-10 12:17:30,619 [Worker-38] WARN  o.e.m.c.i.embedder.EclipseLogger - Using platform encoding (Cp1252 actually) to copy filtered resources, i.e. build is platform dependent!
2017-05-10 12:17:30,621 [Worker-38] INFO  o.e.m.c.i.embedder.EclipseLogger - skip non existing resourceDirectory C:\workspace\EjemploJackson\JacksonExample\src\test\resources
2017-05-10 12:20:40,754 [Worker-40] WARN  o.e.m.c.i.embedder.EclipseLogger - Using platform encoding (Cp1252 actually) to copy filtered resources, i.e. build is platform dependent!
2017-05-10 12:20:40,756 [Worker-40] INFO  o.e.m.c.i.embedder.EclipseLogger - skip non existing resourceDirectory C:\workspace\EjemploJackson\JacksonExample\src\main\resources
2017-05-10 12:20:40,757 [Worker-40] WARN  o.e.m.c.i.embedder.EclipseLogger - Using platform encoding (Cp1252 actually) to copy filtered resources, i.e. build is platform dependent!
2017-05-10 12:20:40,760 [Worker-40] INFO  o.e.m.c.i.embedder.EclipseLogger - skip non existing resourceDirectory C:\workspace\EjemploJackson\JacksonExample\src\test\resources
2017-05-10 12:41:39,595 [Worker-8] WARN  o.e.m.c.i.embedder.EclipseLogger - Using platform encoding (Cp1252 actually) to copy filtered resources, i.e. build is platform dependent!
2017-05-10 12:41:39,603 [Worker-8] INFO  o.e.m.c.i.embedder.EclipseLogger - skip non existing resourceDirectory C:\workspace\EjemploJackson\JacksonExample\src\main\resources
2017-05-10 12:41:39,605 [Worker-8] WARN  o.e.m.c.i.embedder.EclipseLogger - Using platform encoding (Cp1252 actually) to copy filtered resources, i.e. build is platform dependent!
2017-05-10 12:41:39,607 [Worker-8] INFO  o.e.m.c.i.embedder.EclipseLogger - skip non existing resourceDirectory C:\workspace\EjemploJackson\JacksonExample\src\test\resources
2017-05-10 12:43:58,072 [Worker-9] WARN  o.e.m.c.i.embedder.EclipseLogger - Using platform encoding (Cp1252 actually) to copy filtered resources, i.e. build is platform dependent!
2017-05-10 12:43:58,075 [Worker-9] INFO  o.e.m.c.i.embedder.EclipseLogger - skip non existing resourceDirectory C:\workspace\EjemploJackson\JacksonExample\src\main\resources
2017-05-10 12:43:58,077 [Worker-9] WARN  o.e.m.c.i.embedder.EclipseLogger - Using platform encoding (Cp1252 actually) to copy filtered resources, i.e. build is platform dependent!
2017-05-10 12:43:58,080 [Worker-9] INFO  o.e.m.c.i.embedder.EclipseLogger - skip non existing resourceDirectory C:\workspace\EjemploJackson\JacksonExample\src\test\resources
2017-05-10 12:52:54,183 [Worker-33] WARN  o.e.m.c.i.embedder.EclipseLogger - Using platform encoding (Cp1252 actually) to copy filtered resources, i.e. build is platform dependent!
2017-05-10 12:52:54,186 [Worker-33] INFO  o.e.m.c.i.embedder.EclipseLogger - skip non existing resourceDirectory C:\workspace\EjemploJackson\JacksonExample\src\main\resources
2017-05-10 12:52:54,187 [Worker-33] WARN  o.e.m.c.i.embedder.EclipseLogger - Using platform encoding (Cp1252 actually) to copy filtered resources, i.e. build is platform dependent!
2017-05-10 12:52:54,188 [Worker-33] INFO  o.e.m.c.i.embedder.EclipseLogger - skip non existing resourceDirectory C:\workspace\EjemploJackson\JacksonExample\src\test\resources
2017-05-10 12:57:10,774 [Worker-34] WARN  o.e.m.c.i.embedder.EclipseLogger - Using platform encoding (Cp1252 actually) to copy filtered resources, i.e. build is platform dependent!
2017-05-10 12:57:10,776 [Worker-34] INFO  o.e.m.c.i.embedder.EclipseLogger - skip non existing resourceDirectory C:\workspace\EjemploJackson\JacksonExample\src\main\resources
2017-05-10 12:57:10,778 [Worker-34] WARN  o.e.m.c.i.embedder.EclipseLogger - Using platform encoding (Cp1252 actually) to copy filtered resources, i.e. build is platform dependent!
2017-05-10 12:57:10,781 [Worker-34] INFO  o.e.m.c.i.embedder.EclipseLogger - skip non existing resourceDirectory C:\workspace\EjemploJackson\JacksonExample\src\test\resources
